# JRE version: OpenJDK Runtime Environment (11.0+28) (build 11+28)
# Java VM: OpenJDK 64-Bit Server VM (11+28, mixed mode, tiered, compressed oops, g1 gc, linux-amd64)
Heap:
 garbage-first heap   total 222208K, used 169644K [0x00000000c0000000, 0x0000000100000000)
  region size 1024K, 19 young (19456K), 4 survivors (4096K)
 Metaspace       used 256152K, capacity 272230K, committed 272420K, reserved 1280000K
  class space    used 33590K, capacity 40987K, committed 41088K, reserved 1048576K
GC Heap History (10 events):
Event: 4409.906 GC heap before
{Heap before GC invocations=1131 (full 0):
 garbage-first heap   total 222208K, used 158617K [0x00000000c0000000, 0x0000000100000000)
  region size 1024K, 10 young (10240K), 3 survivors (3072K)
 Metaspace       used 256117K, capacity 272211K, committed 272420K, reserved 1280000K
  class space    used 33589K, capacity 40985K, committed 41088K, reserved 1048576K
}
Event: 4409.910 GC heap after
{Heap after GC invocations=1132 (full 0):
 garbage-first heap   total 222208K, used 150243K [0x00000000c0000000, 0x0000000100000000)
  region size 1024K, 1 young (1024K), 1 survivors (1024K)
 Metaspace       used 256117K, capacity 272211K, committed 272420K, reserved 1280000K
  class space    used 33589K, capacity 40985K, committed 41088K, reserved 1048576K
}
Event: 4410.700 GC heap before
{Heap before GC invocations=1132 (full 0):
 garbage-first heap   total 222208K, used 157411K [0x00000000c0000000, 0x0000000100000000)
  region size 1024K, 9 young (9216K), 1 survivors (1024K)
 Metaspace       used 256119K, capacity 272211K, committed 272420K, reserved 1280000K
  class space    used 33589K, capacity 40985K, committed 41088K, reserved 1048576K
}
Event: 4410.705 GC heap after
{Heap after GC invocations=1133 (full 0):
 garbage-first heap   total 222208K, used 150395K [0x00000000c0000000, 0x0000000100000000)
  region size 1024K, 2 young (2048K), 2 survivors (2048K)
 Metaspace       used 256119K, capacity 272211K, committed 272420K, reserved 1280000K
  class space    used 33589K, capacity 40985K, committed 41088K, reserved 1048576K
}
Event: 4421.337 GC heap before
{Heap before GC invocations=1134 (full 0):
 garbage-first heap   total 222208K, used 173947K [0x00000000c0000000, 0x0000000100000000)
  region size 1024K, 27 young (27648K), 2 survivors (2048K)
 Metaspace       used 256121K, capacity 272212K, committed 272420K, reserved 1280000K
  class space    used 33589K, capacity 40985K, committed 41088K, reserved 1048576K
}
Event: 4421.340 GC heap after
{Heap after GC invocations=1135 (full 0):
 garbage-first heap   total 222208K, used 151781K [0x00000000c0000000, 0x0000000100000000)
  region size 1024K, 4 young (4096K), 4 survivors (4096K)
 Metaspace       used 256121K, capacity 272212K, committed 272420K, reserved 1280000K
  class space    used 33589K, capacity 40985K, committed 41088K, reserved 1048576K
}
Event: 4421.349 GC heap before
{Heap before GC invocations=1135 (full 0):
 garbage-first heap   total 222208K, used 157925K [0x00000000c0000000, 0x0000000100000000)
  region size 1024K, 10 young (10240K), 4 survivors (4096K)
 Metaspace       used 256121K, capacity 272212K, committed 272420K, reserved 1280000K
  class space    used 33589K, capacity 40985K, committed 41088K, reserved 1048576K
}
Event: 4421.353 GC heap after
{Heap after GC invocations=1136 (full 0):
 garbage-first heap   total 222208K, used 153301K [0x00000000c0000000, 0x0000000100000000)
  region size 1024K, 2 young (2048K), 2 survivors (2048K)
 Metaspace       used 256121K, capacity 272212K, committed 272420K, reserved 1280000K
  class space    used 33589K, capacity 40985K, committed 41088K, reserved 1048576K
}
Event: 4422.140 GC heap before
{Heap before GC invocations=1136 (full 0):
 garbage-first heap   total 222208K, used 170709K [0x00000000c0000000, 0x0000000100000000)
  region size 1024K, 20 young (20480K), 2 survivors (2048K)
 Metaspace       used 256122K, capacity 272212K, committed 272420K, reserved 1280000K
  class space    used 33589K, capacity 40985K, committed 41088K, reserved 1048576K
}
Event: 4422.152 GC heap after
{Heap after GC invocations=1137 (full 0):
 garbage-first heap   total 222208K, used 155308K [0x00000000c0000000, 0x0000000100000000)
  region size 1024K, 4 young (4096K), 4 survivors (4096K)
 Metaspace       used 256122K, capacity 272212K, committed 272420K, reserved 1280000K
  class space    used 33589K, capacity 40985K, committed 41088K, reserved 1048576K
}

